<?xml version="1.0" encoding="UTF-8"?>
<!-- Generated by org.testng.reporters.JUnitXMLReporter -->
<testsuite hostname="uftuser-PC" name="Default test" tests="5" failures="0" timestamp="23 Jul 2018 03:14:24 GMT" time="0.045" errors="0">
  <testcase name="addToCart" time="0.009" classname="com.acttime.usertest.CartTest"/>
  <testcase name="addToCart" time="0.006" classname="com.acttime.usertest.CartTest"/>
  <testcase name="addToCart" time="0.002" classname="com.acttime.usertest.CartTest"/>
  <testcase name="addToCart" time="0.001" classname="com.acttime.usertest.CartTest"/>
  <testcase name="addToCart" time="0.001" classname="com.acttime.usertest.CartTest"/>
</testsuite> <!-- Default test -->
