<?xml version="1.0" encoding="UTF-8"?>
<!-- Generated by org.testng.reporters.JUnitXMLReporter -->
<testsuite hostname="uftuser-PC" name="Test_Runner-chrome" tests="3" failures="0" timestamp="18 Jul 2018 03:28:30 GMT" time="19.815" errors="0">
  <testcase name="createCustomerTest" time="15.643" classname="com.acttime.customertest.CustomerTest"/>
  <testcase name="deleteCustomerTest" time="0.003" classname="com.acttime.customertest.CustomerTest"/>
  <testcase name="modifyCustomerTest" time="0.004" classname="com.acttime.customertest.CustomerTest"/>
</testsuite> <!-- Test_Runner-chrome -->
