<?xml version="1.0" encoding="UTF-8"?>
<!-- Generated by org.testng.reporters.JUnitXMLReporter -->
<testsuite hostname="uftuser-PC" name="Test_Runner-1" tests="3" failures="0" timestamp="18 Jul 2018 03:26:41 GMT" time="25.266" errors="0">
  <testcase name="createCustomerTest" time="12.456" classname="com.acttime.customertest.CustomerTest"/>
  <testcase name="deleteCustomerTest" time="0.001" classname="com.acttime.customertest.CustomerTest"/>
  <testcase name="modifyCustomerTest" time="0.0" classname="com.acttime.customertest.CustomerTest"/>
</testsuite> <!-- Test_Runner-1 -->
