<?xml version="1.0" encoding="UTF-8"?>
<!-- Generated by org.testng.reporters.JUnitXMLReporter -->
<testsuite hostname="uftuser-PC" name="Test" tests="3" failures="0" timestamp="21 Jul 2018 11:17:45 GMT" time="82.215" errors="0">
  <testcase name="cerateCustomerTest" time="17.22" classname="com.acttime.customertest.CustomerTest"/>
  <testcase name="createCustomerWithDecriptionTest" time="3.496" classname="com.acttime.customertest.CustomerDesc"/>
  <testcase name="createUSerTest" time="0.004" classname="com.acttime.usertest.USerTest"/>
</testsuite> <!-- Test -->
