<?xml version="1.0" encoding="UTF-8"?>
<!-- Generated by org.testng.reporters.JUnitXMLReporter -->
<testsuite hostname="uftuser-PC" name="Command line test" tests="5" failures="0" timestamp="23 Jul 2018 03:14:22 GMT" time="0.019" errors="0">
  <testcase name="addToCart" time="0.004" classname="com.acttime.usertest.CartTest"/>
  <testcase name="addToCart" time="0.0" classname="com.acttime.usertest.CartTest"/>
  <testcase name="addToCart" time="0.0" classname="com.acttime.usertest.CartTest"/>
  <testcase name="addToCart" time="0.0" classname="com.acttime.usertest.CartTest"/>
  <testcase name="addToCart" time="0.0" classname="com.acttime.usertest.CartTest"/>
</testsuite> <!-- Command line test -->
