<?xml version="1.0" encoding="UTF-8"?>
<testng-results skipped="0" failed="0" total="5" passed="5">
  <reporter-output>
  </reporter-output>
  <suite name="Default suite" duration-ms="45" started-at="2018-07-23T03:14:24Z" finished-at="2018-07-23T03:14:24Z">
    <groups>
    </groups>
    <test name="Default test" duration-ms="45" started-at="2018-07-23T03:14:24Z" finished-at="2018-07-23T03:14:24Z">
      <class name="com.acttime.usertest.CartTest">
        <test-method status="PASS" signature="addToCart(java.lang.String, java.lang.String)[pri:0, instance:com.acttime.usertest.CartTest@1593948d]" name="addToCart" duration-ms="9" started-at="2018-07-23T08:44:24Z" data-provider="getData" finished-at="2018-07-23T08:44:24Z">
          <params>
            <param index="0">
              <value>
                <![CDATA[tv]]>
              </value>
            </param>
            <param index="1">
              <value>
                <![CDATA[sony]]>
              </value>
            </param>
          </params>
          <reporter-output>
          </reporter-output>
        </test-method> <!-- addToCart -->
        <test-method status="PASS" signature="addToCart(java.lang.String, java.lang.String)[pri:0, instance:com.acttime.usertest.CartTest@1593948d]" name="addToCart" duration-ms="6" started-at="2018-07-23T08:44:24Z" data-provider="getData" finished-at="2018-07-23T08:44:24Z">
          <params>
            <param index="0">
              <value>
                <![CDATA[tv]]>
              </value>
            </param>
            <param index="1">
              <value>
                <![CDATA[lg]]>
              </value>
            </param>
          </params>
          <reporter-output>
          </reporter-output>
        </test-method> <!-- addToCart -->
        <test-method status="PASS" signature="addToCart(java.lang.String, java.lang.String)[pri:0, instance:com.acttime.usertest.CartTest@1593948d]" name="addToCart" duration-ms="2" started-at="2018-07-23T08:44:24Z" data-provider="getData" finished-at="2018-07-23T08:44:24Z">
          <params>
            <param index="0">
              <value>
                <![CDATA[tv]]>
              </value>
            </param>
            <param index="1">
              <value>
                <![CDATA[Samsung]]>
              </value>
            </param>
          </params>
          <reporter-output>
          </reporter-output>
        </test-method> <!-- addToCart -->
        <test-method status="PASS" signature="addToCart(java.lang.String, java.lang.String)[pri:0, instance:com.acttime.usertest.CartTest@1593948d]" name="addToCart" duration-ms="1" started-at="2018-07-23T08:44:24Z" data-provider="getData" finished-at="2018-07-23T08:44:24Z">
          <params>
            <param index="0">
              <value>
                <![CDATA[mobile]]>
              </value>
            </param>
            <param index="1">
              <value>
                <![CDATA[apple]]>
              </value>
            </param>
          </params>
          <reporter-output>
          </reporter-output>
        </test-method> <!-- addToCart -->
        <test-method status="PASS" signature="addToCart(java.lang.String, java.lang.String)[pri:0, instance:com.acttime.usertest.CartTest@1593948d]" name="addToCart" duration-ms="1" started-at="2018-07-23T08:44:24Z" data-provider="getData" finished-at="2018-07-23T08:44:24Z">
          <params>
            <param index="0">
              <value>
                <![CDATA[mobile]]>
              </value>
            </param>
            <param index="1">
              <value>
                <![CDATA[andriod]]>
              </value>
            </param>
          </params>
          <reporter-output>
          </reporter-output>
        </test-method> <!-- addToCart -->
      </class> <!-- com.acttime.usertest.CartTest -->
    </test> <!-- Default test -->
  </suite> <!-- Default suite -->
</testng-results>
